0 info it worked if it ends with ok
1 verbose cli [ 'C:\\Program Files\\nodejs\\node.exe',
1 verbose cli   'C:\\Program Files\\nodejs\\node_modules\\npm\\bin\\npm-cli.js',
1 verbose cli   'start' ]
2 info using npm@3.10.10
3 info using node@v6.14.1
4 verbose run-script [ 'prestart', 'start', 'poststart' ]
5 info lifecycle mysql_pro@0.1.0~prestart: mysql_pro@0.1.0
6 silly lifecycle mysql_pro@0.1.0~prestart: no script for prestart, continuing
7 info lifecycle mysql_pro@0.1.0~start: mysql_pro@0.1.0
8 verbose lifecycle mysql_pro@0.1.0~start: unsafe-perm in lifecycle true
9 verbose lifecycle mysql_pro@0.1.0~start: PATH: C:\Program Files\nodejs\node_modules\npm\bin\node-gyp-bin;F:\workspace\mysql_pro\node_modules\.bin;C:\ProgramData\Oracle\Java\javapath;C:\Windows\system32;C:\Windows;C:\Windows\System32\Wbem;C:\Windows\System32\WindowsPowerShell\v1.0\;C:\Program Files (x86)\ATI Technologies\ATI.ACE\Core-Static;D:\Program Files (x86)\Git\cmd;"D:\Program Files\Java\jdk-10\bin;D:\Program Files\Java\jdk-10\jre\bin;";C:\Program Files (x86)\Yarn\bin\;C:\Program Files\nodejs\;C:\Users\32600\AppData\Local\Microsoft\WindowsApps;;D:\Program Files\Microsoft VS Code\bin;C:\Users\32600\AppData\Local\Yarn\bin;C:\Users\32600\AppData\Roaming\npm
10 verbose lifecycle mysql_pro@0.1.0~start: CWD: F:\workspace\mysql_pro
11 silly lifecycle mysql_pro@0.1.0~start: Args: [ '/d /s /c', 'node bin/www' ]
12 silly lifecycle mysql_pro@0.1.0~start: Returned: code: 1  signal: null
13 info lifecycle mysql_pro@0.1.0~start: Failed to exec start script
14 verbose stack Error: mysql_pro@0.1.0 start: `node bin/www`
14 verbose stack Exit status 1
14 verbose stack     at EventEmitter.<anonymous> (C:\Program Files\nodejs\node_modules\npm\lib\utils\lifecycle.js:255:16)
14 verbose stack     at emitTwo (events.js:106:13)
14 verbose stack     at EventEmitter.emit (events.js:191:7)
14 verbose stack     at ChildProcess.<anonymous> (C:\Program Files\nodejs\node_modules\npm\lib\utils\spawn.js:40:14)
14 verbose stack     at emitTwo (events.js:106:13)
14 verbose stack     at ChildProcess.emit (events.js:191:7)
14 verbose stack     at maybeClose (internal/child_process.js:920:16)
14 verbose stack     at Process.ChildProcess._handle.onexit (internal/child_process.js:230:5)
15 verbose pkgid mysql_pro@0.1.0
16 verbose cwd F:\workspace\mysql_pro
17 error Windows_NT 10.0.16299
18 error argv "C:\\Program Files\\nodejs\\node.exe" "C:\\Program Files\\nodejs\\node_modules\\npm\\bin\\npm-cli.js" "start"
19 error node v6.14.1
20 error npm  v3.10.10
21 error code ELIFECYCLE
22 error mysql_pro@0.1.0 start: `node bin/www`
22 error Exit status 1
23 error Failed at the mysql_pro@0.1.0 start script 'node bin/www'.
23 error Make sure you have the latest version of node.js and npm installed.
23 error If you do, this is most likely a problem with the mysql_pro package,
23 error not with npm itself.
23 error Tell the author that this fails on your system:
23 error     node bin/www
23 error You can get information on how to open an issue for this project with:
23 error     npm bugs mysql_pro
23 error Or if that isn't available, you can get their info via:
23 error     npm owner ls mysql_pro
23 error There is likely additional logging output above.
24 verbose exit [ 1, true ]
